<?xml version="1.0" encoding="utf-8"?><testsuites><testsuite name="pytest" errors="0" failures="0" skipped="0" tests="16" time="15.342" timestamp="2026-05-04T13:12:11.896633" hostname="Emilio"><testcase classname="backend.tests.test_auth" name="test_register_success" time="1.425" /><testcase classname="backend.tests.test_auth" name="test_register_duplicate_email" time="0.605" /><testcase classname="backend.tests.test_auth" name="test_login_success" time="0.554" /><testcase classname="backend.tests.test_auth" name="test_login_wrong_password" time="0.755" /><testcase classname="backend.tests.test_auth" name="test_register_with_admin_token" time="1.100" /><testcase classname="backend.tests.test_condos" name="test_list_condos_as_residente" time="1.022" /><testcase classname="backend.tests.test_condos" name="test_create_condo_as_admin" time="1.189" /><testcase classname="backend.tests.test_condos" name="test_disable_condo_without_active_units" time="0.719" /><testcase classname="backend.tests.test_condos" name="test_disable_condo_with_active_units_fails" time="0.885" /><testcase classname="backend.tests.test_conftest_smoke" name="test_aws_mocks_loads_lambda" time="0.917" /><testcase classname="backend.tests.test_conftest_smoke" name="test_create_test_user_and_login" time="0.964" /><testcase classname="backend.tests.test_conftest_smoke" name="test_get_auth_token_produces_valid_jwt" time="1.208" /><testcase classname="backend.tests.test_conftest_smoke" name="test_make_event_structure" time="0.736" /><testcase classname="backend.tests.test_fees" name="test_create_fee_as_admin" time="0.923" /><testcase classname="backend.tests.test_fees" name="test_pay_fee_as_residente" time="1.024" /><testcase classname="backend.tests.test_fees" name="test_list_fees_filtered_by_role" time="0.757" /></testsuite></testsuites>